<?xml version="1.0" encoding="UTF-8"?>
<!-- Generated by org.testng.reporters.JUnitXMLReporter -->
<testsuite ignored="0" hostname="Sankets-MacBook-Air.local" failures="1" tests="1" name="GoogleSearchTest" time="29.907" errors="0" timestamp="2025-09-12T23:27:54 IST">
  <testcase classname="ecommerce.ecommerce.GoogleSearchTest" name="googleSearch" time="22.598">
    <failure type="java.lang.AssertionError" message="expected [true] but found [false]">
      <![CDATA[java.lang.AssertionError: expected [true] but found [false]
at ecommerce.ecommerce.GoogleSearchTest.googleSearch(GoogleSearchTest.java:34)
at java.base/java.util.ArrayList.forEach(ArrayList.java:1596)
... Removed 33 stack frames]]>
    </failure>
  </testcase> <!-- googleSearch -->
</testsuite> <!-- GoogleSearchTest -->
